----------------------------------------------------------------
Wed Dec 30 22:31:26 WET 2015:
Booting Derby version The Apache Software Foundation - Apache Derby - 10.12.1.1 - (1704137): instance a816c00e-0151-f504-6b83-0000068a2fe0 
on database directory /home/jpp/Distributed-Transactional-Bank-Server/bankAccounts100 with class loader sun.misc.Launcher$AppClassLoader@4617c264 
Loaded from file:/home/jpp/Distributed-Transactional-Bank-Server/DerbyJAR/derby.jar
java.vendor=Oracle Corporation
java.runtime.version=1.8.0_66-b17
user.dir=/home/jpp/Distributed-Transactional-Bank-Server
os.name=Linux
os.arch=amd64
os.version=4.2.0-22-generic
derby.system.home=null
Database Class Loader started - derby.database.classpath=''
----------------------------------------------------------------
Wed Dec 30 22:31:28 WET 2015:
Booting Derby version The Apache Software Foundation - Apache Derby - 10.12.1.1 - (1704137): instance 888c4022-0151-f504-6b83-0000068a2fe0 
on database directory /home/jpp/Distributed-Transactional-Bank-Server/bankAccounts101 with class loader sun.misc.Launcher$AppClassLoader@4617c264 
Loaded from file:/home/jpp/Distributed-Transactional-Bank-Server/DerbyJAR/derby.jar
java.vendor=Oracle Corporation
java.runtime.version=1.8.0_66-b17
user.dir=/home/jpp/Distributed-Transactional-Bank-Server
os.name=Linux
os.arch=amd64
os.version=4.2.0-22-generic
derby.system.home=null
Database Class Loader started - derby.database.classpath=''
